2019-04-08 06:17:53 | + source /home/stack/stackrc
2019-04-08 06:17:53 | +++ set
2019-04-08 06:17:53 | +++ awk -F= '/^OS_/ {print $1}'
2019-04-08 06:17:53 | ++ export OS_AUTH_TYPE=password
2019-04-08 06:17:53 | ++ OS_AUTH_TYPE=password
2019-04-08 06:17:53 | ++ export OS_PASSWORD=PDh5wEmY8prUjVAh6alcVjOpS
2019-04-08 06:17:53 | ++ OS_PASSWORD=PDh5wEmY8prUjVAh6alcVjOpS
2019-04-08 06:17:53 | ++ export OS_AUTH_URL=https://192.168.24.2:13000/
2019-04-08 06:17:53 | ++ OS_AUTH_URL=https://192.168.24.2:13000/
2019-04-08 06:17:53 | ++ export OS_USERNAME=admin
2019-04-08 06:17:53 | ++ OS_USERNAME=admin
2019-04-08 06:17:53 | ++ export OS_PROJECT_NAME=admin
2019-04-08 06:17:53 | ++ OS_PROJECT_NAME=admin
2019-04-08 06:17:53 | ++ export COMPUTE_API_VERSION=1.1
2019-04-08 06:17:53 | ++ COMPUTE_API_VERSION=1.1
2019-04-08 06:17:53 | ++ export NOVA_VERSION=1.1
2019-04-08 06:17:53 | ++ NOVA_VERSION=1.1
2019-04-08 06:17:53 | ++ export OS_NO_CACHE=True
2019-04-08 06:17:53 | ++ OS_NO_CACHE=True
2019-04-08 06:17:53 | ++ export OS_CLOUDNAME=undercloud
2019-04-08 06:17:53 | ++ OS_CLOUDNAME=undercloud
2019-04-08 06:17:53 | ++ export OS_IDENTITY_API_VERSION=3
2019-04-08 06:17:53 | ++ OS_IDENTITY_API_VERSION=3
2019-04-08 06:17:53 | ++ export OS_PROJECT_DOMAIN_NAME=Default
2019-04-08 06:17:53 | ++ OS_PROJECT_DOMAIN_NAME=Default
2019-04-08 06:17:53 | ++ export OS_USER_DOMAIN_NAME=Default
2019-04-08 06:17:53 | ++ OS_USER_DOMAIN_NAME=Default
2019-04-08 06:17:53 | ++ export OS_CACERT=/etc/pki/ca-trust/source/anchors/cm-local-ca.pem
2019-04-08 06:17:53 | ++ OS_CACERT=/etc/pki/ca-trust/source/anchors/cm-local-ca.pem
2019-04-08 06:17:53 | ++ '[' -z '' ']'
2019-04-08 06:17:53 | ++ export PS1=
2019-04-08 06:17:53 | ++ PS1=
2019-04-08 06:17:53 | ++ export 'PS1=${OS_CLOUDNAME:+($OS_CLOUDNAME)} '
2019-04-08 06:17:53 | ++ PS1='${OS_CLOUDNAME:+($OS_CLOUDNAME)} '
2019-04-08 06:17:53 | ++ export CLOUDPROMPT_ENABLED=1
2019-04-08 06:17:53 | ++ CLOUDPROMPT_ENABLED=1
2019-04-08 06:17:53 | + openstack overcloud image upload --http-boot=/var/lib/ironic/httpboot
2019-04-08 06:18:24 | Image "overcloud-full-vmlinuz" was uploaded.
2019-04-08 06:18:24 | +--------------------------------------+------------------------+-------------+---------+--------+
2019-04-08 06:18:24 | |                  ID                  |          Name          | Disk Format |   Size  | Status |
2019-04-08 06:18:24 | +--------------------------------------+------------------------+-------------+---------+--------+
2019-04-08 06:18:24 | | 11266bc9-f1d4-4554-a504-1af25c281394 | overcloud-full-vmlinuz |     aki     | 6643904 | active |
2019-04-08 06:18:24 | +--------------------------------------+------------------------+-------------+---------+--------+
2019-04-08 06:18:24 | Image "overcloud-full-initrd" was uploaded.
2019-04-08 06:18:24 | +--------------------------------------+-----------------------+-------------+----------+--------+
2019-04-08 06:18:24 | |                  ID                  |          Name         | Disk Format |   Size   | Status |
2019-04-08 06:18:24 | +--------------------------------------+-----------------------+-------------+----------+--------+
2019-04-08 06:18:24 | | d0575f15-b41e-4b61-b43c-be474f7a281b | overcloud-full-initrd |     ari     | 51741306 | active |
2019-04-08 06:18:24 | +--------------------------------------+-----------------------+-------------+----------+--------+
2019-04-08 06:18:24 | Image "overcloud-full" was uploaded.
2019-04-08 06:18:24 | +--------------------------------------+----------------+-------------+------------+--------+
2019-04-08 06:18:24 | |                  ID                  |      Name      | Disk Format |    Size    | Status |
2019-04-08 06:18:24 | +--------------------------------------+----------------+-------------+------------+--------+
2019-04-08 06:18:24 | | 8b312484-d5fd-4109-bcbb-8fb39e187cef | overcloud-full |    qcow2    | 1028980736 | active |
2019-04-08 06:18:24 | +--------------------------------------+----------------+-------------+------------+--------+
2019-04-08 06:18:24 | Image "bm-deploy-kernel" was uploaded.
2019-04-08 06:18:24 | +--------------------------------------+------------------+-------------+---------+--------+
2019-04-08 06:18:24 | |                  ID                  |       Name       | Disk Format |   Size  | Status |
2019-04-08 06:18:24 | +--------------------------------------+------------------+-------------+---------+--------+
2019-04-08 06:18:24 | | 944d90ad-b94a-4bfe-9c2c-fba6b93fdad7 | bm-deploy-kernel |     aki     | 6643904 | active |
2019-04-08 06:18:24 | +--------------------------------------+------------------+-------------+---------+--------+
2019-04-08 06:18:24 | Image "bm-deploy-ramdisk" was uploaded.
2019-04-08 06:18:24 | +--------------------------------------+-------------------+-------------+-----------+--------+
2019-04-08 06:18:24 | |                  ID                  |        Name       | Disk Format |    Size   | Status |
2019-04-08 06:18:24 | +--------------------------------------+-------------------+-------------+-----------+--------+
2019-04-08 06:18:24 | | 8687cc6f-a5c9-4f42-b5c3-9ace137dc3f0 | bm-deploy-ramdisk |     ari     | 392666201 | active |
2019-04-08 06:18:24 | +--------------------------------------+-------------------+-------------+-----------+--------+
2019-04-08 06:18:24 | ++ openstack flavor list -c Name -f value
2019-04-08 06:18:26 | + for i in '`openstack flavor list -c Name  -f value`'
2019-04-08 06:18:26 | + echo baremetal
2019-04-08 06:18:26 | baremetal
2019-04-08 06:18:26 | + openstack flavor show baremetal
2019-04-08 06:18:29 | +----------------------------+--------------------------------------------------------------------------------------------------------------------------------------+
2019-04-08 06:18:29 | | Field                      | Value                                                                                                                                |
2019-04-08 06:18:29 | +----------------------------+--------------------------------------------------------------------------------------------------------------------------------------+
2019-04-08 06:18:29 | | OS-FLV-DISABLED:disabled   | False                                                                                                                                |
2019-04-08 06:18:29 | | OS-FLV-EXT-DATA:ephemeral  | 0                                                                                                                                    |
2019-04-08 06:18:29 | | access_project_ids         | None                                                                                                                                 |
2019-04-08 06:18:29 | | disk                       | 40                                                                                                                                   |
2019-04-08 06:18:29 | | id                         | 074d41eb-1ef3-4860-90d0-bb742b9deb90                                                                                                 |
2019-04-08 06:18:29 | | name                       | baremetal                                                                                                                            |
2019-04-08 06:18:29 | | os-flavor-access:is_public | True                                                                                                                                 |
2019-04-08 06:18:29 | | properties                 | capabilities:boot_option='local', resources:CUSTOM_BAREMETAL='1', resources:DISK_GB='0', resources:MEMORY_MB='0', resources:VCPU='0' |
2019-04-08 06:18:29 | | ram                        | 4096                                                                                                                                 |
2019-04-08 06:18:29 | | rxtx_factor                | 1.0                                                                                                                                  |
2019-04-08 06:18:29 | | swap                       |                                                                                                                                      |
2019-04-08 06:18:29 | | vcpus                      | 1                                                                                                                                    |
2019-04-08 06:18:29 | +----------------------------+--------------------------------------------------------------------------------------------------------------------------------------+
2019-04-08 06:18:29 | + for i in '`openstack flavor list -c Name  -f value`'
2019-04-08 06:18:29 | + echo ceph-storage
2019-04-08 06:18:29 | ceph-storage
2019-04-08 06:18:29 | + openstack flavor show ceph-storage
2019-04-08 06:18:32 | +----------------------------+---------------------------------------------------------------------------------------------------------------------------------------------------------------------------+
2019-04-08 06:18:32 | | Field                      | Value                                                                                                                                                                     |
2019-04-08 06:18:32 | +----------------------------+---------------------------------------------------------------------------------------------------------------------------------------------------------------------------+
2019-04-08 06:18:32 | | OS-FLV-DISABLED:disabled   | False                                                                                                                                                                     |
2019-04-08 06:18:32 | | OS-FLV-EXT-DATA:ephemeral  | 0                                                                                                                                                                         |
2019-04-08 06:18:32 | | access_project_ids         | None                                                                                                                                                                      |
2019-04-08 06:18:32 | | disk                       | 40                                                                                                                                                                        |
2019-04-08 06:18:32 | | id                         | 07cdc1be-2bcd-4f00-9813-a87958a5d025                                                                                                                                      |
2019-04-08 06:18:32 | | name                       | ceph-storage                                                                                                                                                              |
2019-04-08 06:18:32 | | os-flavor-access:is_public | True                                                                                                                                                                      |
2019-04-08 06:18:32 | | properties                 | capabilities:boot_option='local', capabilities:profile='ceph-storage', resources:CUSTOM_BAREMETAL='1', resources:DISK_GB='0', resources:MEMORY_MB='0', resources:VCPU='0' |
2019-04-08 06:18:32 | | ram                        | 4096                                                                                                                                                                      |
2019-04-08 06:18:32 | | rxtx_factor                | 1.0                                                                                                                                                                       |
2019-04-08 06:18:32 | | swap                       |                                                                                                                                                                           |
2019-04-08 06:18:32 | | vcpus                      | 1                                                                                                                                                                         |
2019-04-08 06:18:32 | +----------------------------+---------------------------------------------------------------------------------------------------------------------------------------------------------------------------+
2019-04-08 06:18:32 | + for i in '`openstack flavor list -c Name  -f value`'
2019-04-08 06:18:32 | + echo compute
2019-04-08 06:18:32 | compute
2019-04-08 06:18:32 | + openstack flavor show compute
2019-04-08 06:18:35 | +----------------------------+----------------------------------------------------------------------------------------------------------------------------------------------------------------------+
2019-04-08 06:18:35 | | Field                      | Value                                                                                                                                                                |
2019-04-08 06:18:35 | +----------------------------+----------------------------------------------------------------------------------------------------------------------------------------------------------------------+
2019-04-08 06:18:35 | | OS-FLV-DISABLED:disabled   | False                                                                                                                                                                |
2019-04-08 06:18:35 | | OS-FLV-EXT-DATA:ephemeral  | 0                                                                                                                                                                    |
2019-04-08 06:18:35 | | access_project_ids         | None                                                                                                                                                                 |
2019-04-08 06:18:35 | | disk                       | 40                                                                                                                                                                   |
2019-04-08 06:18:35 | | id                         | 0c02f9b2-ebb5-4ea7-91e9-4a6aa8d3e609                                                                                                                                 |
2019-04-08 06:18:35 | | name                       | compute                                                                                                                                                              |
2019-04-08 06:18:35 | | os-flavor-access:is_public | True                                                                                                                                                                 |
2019-04-08 06:18:35 | | properties                 | capabilities:boot_option='local', capabilities:profile='compute', resources:CUSTOM_BAREMETAL='1', resources:DISK_GB='0', resources:MEMORY_MB='0', resources:VCPU='0' |
2019-04-08 06:18:35 | | ram                        | 4096                                                                                                                                                                 |
2019-04-08 06:18:35 | | rxtx_factor                | 1.0                                                                                                                                                                  |
2019-04-08 06:18:35 | | swap                       |                                                                                                                                                                      |
2019-04-08 06:18:35 | | vcpus                      | 1                                                                                                                                                                    |
2019-04-08 06:18:35 | +----------------------------+----------------------------------------------------------------------------------------------------------------------------------------------------------------------+
2019-04-08 06:18:35 | + for i in '`openstack flavor list -c Name  -f value`'
2019-04-08 06:18:35 | + echo swift-storage
2019-04-08 06:18:35 | swift-storage
2019-04-08 06:18:35 | + openstack flavor show swift-storage
2019-04-08 06:18:37 | +----------------------------+----------------------------------------------------------------------------------------------------------------------------------------------------------------------------+
2019-04-08 06:18:37 | | Field                      | Value                                                                                                                                                                      |
2019-04-08 06:18:37 | +----------------------------+----------------------------------------------------------------------------------------------------------------------------------------------------------------------------+
2019-04-08 06:18:37 | | OS-FLV-DISABLED:disabled   | False                                                                                                                                                                      |
2019-04-08 06:18:37 | | OS-FLV-EXT-DATA:ephemeral  | 0                                                                                                                                                                          |
2019-04-08 06:18:37 | | access_project_ids         | None                                                                                                                                                                       |
2019-04-08 06:18:37 | | disk                       | 40                                                                                                                                                                         |
2019-04-08 06:18:37 | | id                         | 1acf6eca-0e1b-4b30-8080-672ed5dae5af                                                                                                                                       |
2019-04-08 06:18:37 | | name                       | swift-storage                                                                                                                                                              |
2019-04-08 06:18:37 | | os-flavor-access:is_public | True                                                                                                                                                                       |
2019-04-08 06:18:37 | | properties                 | capabilities:boot_option='local', capabilities:profile='swift-storage', resources:CUSTOM_BAREMETAL='1', resources:DISK_GB='0', resources:MEMORY_MB='0', resources:VCPU='0' |
2019-04-08 06:18:37 | | ram                        | 4096                                                                                                                                                                       |
2019-04-08 06:18:37 | | rxtx_factor                | 1.0                                                                                                                                                                        |
2019-04-08 06:18:37 | | swap                       |                                                                                                                                                                            |
2019-04-08 06:18:37 | | vcpus                      | 1                                                                                                                                                                          |
2019-04-08 06:18:37 | +----------------------------+----------------------------------------------------------------------------------------------------------------------------------------------------------------------------+
2019-04-08 06:18:38 | + for i in '`openstack flavor list -c Name  -f value`'
2019-04-08 06:18:38 | + echo block-storage
2019-04-08 06:18:38 | block-storage
2019-04-08 06:18:38 | + openstack flavor show block-storage
2019-04-08 06:18:40 | +----------------------------+----------------------------------------------------------------------------------------------------------------------------------------------------------------------------+
2019-04-08 06:18:40 | | Field                      | Value                                                                                                                                                                      |
2019-04-08 06:18:40 | +----------------------------+----------------------------------------------------------------------------------------------------------------------------------------------------------------------------+
2019-04-08 06:18:40 | | OS-FLV-DISABLED:disabled   | False                                                                                                                                                                      |
2019-04-08 06:18:40 | | OS-FLV-EXT-DATA:ephemeral  | 0                                                                                                                                                                          |
2019-04-08 06:18:40 | | access_project_ids         | None                                                                                                                                                                       |
2019-04-08 06:18:40 | | disk                       | 40                                                                                                                                                                         |
2019-04-08 06:18:40 | | id                         | 292c6b46-522a-4129-ae89-9bd69106c053                                                                                                                                       |
2019-04-08 06:18:40 | | name                       | block-storage                                                                                                                                                              |
2019-04-08 06:18:40 | | os-flavor-access:is_public | True                                                                                                                                                                       |
2019-04-08 06:18:40 | | properties                 | capabilities:boot_option='local', capabilities:profile='block-storage', resources:CUSTOM_BAREMETAL='1', resources:DISK_GB='0', resources:MEMORY_MB='0', resources:VCPU='0' |
2019-04-08 06:18:40 | | ram                        | 4096                                                                                                                                                                       |
2019-04-08 06:18:40 | | rxtx_factor                | 1.0                                                                                                                                                                        |
2019-04-08 06:18:40 | | swap                       |                                                                                                                                                                            |
2019-04-08 06:18:40 | | vcpus                      | 1                                                                                                                                                                          |
2019-04-08 06:18:40 | +----------------------------+----------------------------------------------------------------------------------------------------------------------------------------------------------------------------+
2019-04-08 06:18:40 | + for i in '`openstack flavor list -c Name  -f value`'
2019-04-08 06:18:40 | + echo control
2019-04-08 06:18:40 | control
2019-04-08 06:18:40 | + openstack flavor show control
2019-04-08 06:18:43 | +----------------------------+----------------------------------------------------------------------------------------------------------------------------------------------------------------------+
2019-04-08 06:18:43 | | Field                      | Value                                                                                                                                                                |
2019-04-08 06:18:43 | +----------------------------+----------------------------------------------------------------------------------------------------------------------------------------------------------------------+
2019-04-08 06:18:43 | | OS-FLV-DISABLED:disabled   | False                                                                                                                                                                |
2019-04-08 06:18:43 | | OS-FLV-EXT-DATA:ephemeral  | 0                                                                                                                                                                    |
2019-04-08 06:18:43 | | access_project_ids         | None                                                                                                                                                                 |
2019-04-08 06:18:43 | | disk                       | 40                                                                                                                                                                   |
2019-04-08 06:18:43 | | id                         | dfe4bca1-a11d-4b7a-8f28-60a56afadfb5                                                                                                                                 |
2019-04-08 06:18:43 | | name                       | control                                                                                                                                                              |
2019-04-08 06:18:43 | | os-flavor-access:is_public | True                                                                                                                                                                 |
2019-04-08 06:18:43 | | properties                 | capabilities:boot_option='local', capabilities:profile='control', resources:CUSTOM_BAREMETAL='1', resources:DISK_GB='0', resources:MEMORY_MB='0', resources:VCPU='0' |
2019-04-08 06:18:43 | | ram                        | 4096                                                                                                                                                                 |
2019-04-08 06:18:43 | | rxtx_factor                | 1.0                                                                                                                                                                  |
2019-04-08 06:18:43 | | swap                       |                                                                                                                                                                      |
2019-04-08 06:18:43 | | vcpus                      | 1                                                                                                                                                                    |
2019-04-08 06:18:43 | +----------------------------+----------------------------------------------------------------------------------------------------------------------------------------------------------------------+
2019-04-08 06:18:43 | + openstack overcloud node import instackenv.json
2019-04-08 06:18:48 | Waiting for messages on queue 'tripleo' with no timeout.
2019-04-08 06:19:04 | 
2019-04-08 06:19:04 | 
2019-04-08 06:19:04 | 2 node(s) successfully moved to the "manageable" state.
2019-04-08 06:19:04 | Successfully registered node UUID e36dcca0-5bdb-4125-89ef-ffd2b0a82ac2
2019-04-08 06:19:04 | Successfully registered node UUID 9b804af3-fa0c-4fe3-a0e0-7b589ed6740c
2019-04-08 06:19:04 | + openstack overcloud node introspect --all-manageable
2019-04-08 06:19:07 | Waiting for messages on queue 'tripleo' with no timeout.
2019-04-08 06:21:16 | Waiting for introspection to finish...
2019-04-08 06:21:16 | Introspection of node 9b804af3-fa0c-4fe3-a0e0-7b589ed6740c completed. Status:SUCCESS. Errors:None
2019-04-08 06:21:16 | Introspection of node e36dcca0-5bdb-4125-89ef-ffd2b0a82ac2 completed. Status:SUCCESS. Errors:None
2019-04-08 06:21:16 | Successfully introspected 2 node(s).
2019-04-08 06:21:16 | 
2019-04-08 06:21:16 | Introspection completed.
2019-04-08 06:21:17 | + openstack overcloud node provide --all-manageable
2019-04-08 06:21:20 | Waiting for messages on queue 'tripleo' with no timeout.
2019-04-08 06:22:58 | 2 node(s) successfully moved to the "available" state.
2019-04-08 06:22:58 | 
2019-04-08 06:22:58 | 
